<?xml version="1.0" encoding="UTF-8"?>
<!-- Generated by org.testng.reporters.JUnitXMLReporter -->
<testsuite ignored="0" hostname="Khurshid" failures="0" tests="3" name="Default test" time="0.072" errors="0" timestamp="2024-06-25T21:26:22 EDT">
  <testcase classname="testNG1.MyTestNG1" name="TestExecution1" time="0.008"/>
  <testcase classname="testNG1.MyTestNG1" name="TestExecution2" time="0.001"/>
  <testcase classname="testNG1.MyTestNG1" name="TestExecution3" time="0.001"/>
</testsuite> <!-- Default test -->
