<?xml version="1.0" encoding="UTF-8"?>
<testng-results ignored="0" total="3" passed="3" failed="0" skipped="0">
  <reporter-output>
  </reporter-output>
  <suite started-at="2024-06-25T21:26:22 EDT" name="Default suite" finished-at="2024-06-25T21:26:22 EDT" duration-ms="72">
    <groups>
    </groups>
    <test started-at="2024-06-25T21:26:22 EDT" name="Default test" finished-at="2024-06-25T21:26:22 EDT" duration-ms="72">
      <class name="testNG1.MyTestNG1">
        <test-method is-config="true" signature="setup()[pri:0, instance:testNG1.MyTestNG1@a1f72f5]" started-at="2024-06-25T21:26:22 EDT" name="setup" finished-at="2024-06-25T21:26:22 EDT" duration-ms="8" status="PASS">
          <reporter-output>
          </reporter-output>
        </test-method> <!-- setup -->
        <test-method is-config="true" signature="LunchBrowser()[pri:0, instance:testNG1.MyTestNG1@a1f72f5]" started-at="2024-06-25T21:26:22 EDT" name="LunchBrowser" finished-at="2024-06-25T21:26:22 EDT" duration-ms="0" status="PASS">
          <reporter-output>
          </reporter-output>
        </test-method> <!-- LunchBrowser -->
        <test-method is-config="true" signature="EnterURL()[pri:0, instance:testNG1.MyTestNG1@a1f72f5]" started-at="2024-06-25T21:26:22 EDT" name="EnterURL" finished-at="2024-06-25T21:26:22 EDT" duration-ms="1" status="PASS">
          <reporter-output>
          </reporter-output>
        </test-method> <!-- EnterURL -->
        <test-method is-config="true" signature="LogIn()[pri:0, instance:testNG1.MyTestNG1@a1f72f5]" started-at="2024-06-25T21:26:22 EDT" name="LogIn" finished-at="2024-06-25T21:26:22 EDT" duration-ms="1" status="PASS">
          <reporter-output>
          </reporter-output>
        </test-method> <!-- LogIn -->
        <test-method signature="TestExecution1()[pri:0, instance:testNG1.MyTestNG1@a1f72f5]" started-at="2024-06-25T21:26:22 EDT" name="TestExecution1" finished-at="2024-06-25T21:26:22 EDT" duration-ms="8" status="PASS">
          <reporter-output>
          </reporter-output>
        </test-method> <!-- TestExecution1 -->
        <test-method is-config="true" signature="LogOut()[pri:0, instance:testNG1.MyTestNG1@a1f72f5]" started-at="2024-06-25T21:26:22 EDT" name="LogOut" finished-at="2024-06-25T21:26:22 EDT" duration-ms="1" status="PASS">
          <reporter-output>
          </reporter-output>
        </test-method> <!-- LogOut -->
        <test-method is-config="true" signature="LogIn()[pri:0, instance:testNG1.MyTestNG1@a1f72f5]" started-at="2024-06-25T21:26:22 EDT" name="LogIn" finished-at="2024-06-25T21:26:22 EDT" duration-ms="1" status="PASS">
          <reporter-output>
          </reporter-output>
        </test-method> <!-- LogIn -->
        <test-method signature="TestExecution2()[pri:0, instance:testNG1.MyTestNG1@a1f72f5]" started-at="2024-06-25T21:26:22 EDT" name="TestExecution2" finished-at="2024-06-25T21:26:22 EDT" duration-ms="1" status="PASS">
          <reporter-output>
          </reporter-output>
        </test-method> <!-- TestExecution2 -->
        <test-method is-config="true" signature="LogOut()[pri:0, instance:testNG1.MyTestNG1@a1f72f5]" started-at="2024-06-25T21:26:22 EDT" name="LogOut" finished-at="2024-06-25T21:26:22 EDT" duration-ms="0" status="PASS">
          <reporter-output>
          </reporter-output>
        </test-method> <!-- LogOut -->
        <test-method is-config="true" signature="LogIn()[pri:0, instance:testNG1.MyTestNG1@a1f72f5]" started-at="2024-06-25T21:26:22 EDT" name="LogIn" finished-at="2024-06-25T21:26:22 EDT" duration-ms="0" status="PASS">
          <reporter-output>
          </reporter-output>
        </test-method> <!-- LogIn -->
        <test-method signature="TestExecution3()[pri:0, instance:testNG1.MyTestNG1@a1f72f5]" started-at="2024-06-25T21:26:22 EDT" name="TestExecution3" finished-at="2024-06-25T21:26:22 EDT" duration-ms="1" status="PASS">
          <reporter-output>
          </reporter-output>
        </test-method> <!-- TestExecution3 -->
        <test-method is-config="true" signature="LogOut()[pri:0, instance:testNG1.MyTestNG1@a1f72f5]" started-at="2024-06-25T21:26:22 EDT" name="LogOut" finished-at="2024-06-25T21:26:22 EDT" duration-ms="0" status="PASS">
          <reporter-output>
          </reporter-output>
        </test-method> <!-- LogOut -->
        <test-method is-config="true" signature="CloseBrowser()[pri:0, instance:testNG1.MyTestNG1@a1f72f5]" started-at="2024-06-25T21:26:22 EDT" name="CloseBrowser" finished-at="2024-06-25T21:26:22 EDT" duration-ms="0" status="PASS">
          <reporter-output>
          </reporter-output>
        </test-method> <!-- CloseBrowser -->
        <test-method is-config="true" signature="DeleteAllCookies()[pri:0, instance:testNG1.MyTestNG1@a1f72f5]" started-at="2024-06-25T21:26:22 EDT" name="DeleteAllCookies" finished-at="2024-06-25T21:26:22 EDT" duration-ms="0" status="PASS">
          <reporter-output>
          </reporter-output>
        </test-method> <!-- DeleteAllCookies -->
        <test-method is-config="true" signature="GenerateTestReport()[pri:0, instance:testNG1.MyTestNG1@a1f72f5]" started-at="2024-06-25T21:26:22 EDT" name="GenerateTestReport" finished-at="2024-06-25T21:26:22 EDT" duration-ms="1" status="PASS">
          <reporter-output>
          </reporter-output>
        </test-method> <!-- GenerateTestReport -->
      </class> <!-- testNG1.MyTestNG1 -->
    </test> <!-- Default test -->
  </suite> <!-- Default suite -->
</testng-results>
